<?xml version="1.0" encoding="UTF-8"?>
<testsuite xmlns:xsi="http://www.w3.org/2001/XMLSchema-instance" xsi:noNamespaceSchemaLocation="https://maven.apache.org/surefire/maven-surefire-plugin/xsd/surefire-test-report-3.0.xsd" version="3.0" name="login" time="14.87" tests="1" errors="1" skipped="0" failures="0">
  <properties>
[...]
</properties>
  <testcase name="[001] Realizar login no sistema" classname="login" time="14.87">
    <error message="stale element reference: element is not attached to the page document&#10;  (Session info: chrome=100.0.4896.127)&#10;For documentation on this error, please visit: https://selenium.dev/exceptions/#stale_element_reference&#10;Build info: version: &apos;4.1.3&apos;, revision: &apos;7b1ebf28ef&apos;&#10;System info: host: &apos;MacBook-Pro-de-Carlos.local&apos;, ip: &apos;2804:14d:4cd6:b9b4:0:0:0:bdc8%en0&apos;, os.name: &apos;Mac OS X&apos;, os.arch: &apos;x86_64&apos;, os.version: &apos;11.3&apos;, java.version: &apos;11.0.12&apos;&#10;Driver info: org.openqa.selenium.chrome.ChromeDriver&#10;Command: [82e19e16a1921fb2896e3b0be79fc260, clickElement {id=f0f8b382-953a-461c-aa89-49d3c97686ed}]&#10;Capabilities {acceptInsecureCerts: false, browserName: chrome, browserVersion: 100.0.4896.127, chrome: {chromedriverVersion: 100.0.4896.60 (6a5d10861ce8..., userDataDir: /var/folders/5f/qz9m1wb5687...}, goog:chromeOptions: {debuggerAddress: localhost:60949}, javascriptEnabled: true, networkConnectionEnabled: false, pageLoadStrategy: normal, platform: MAC, platformName: MAC, proxy: Proxy(), se:cdp: ws://localhost:60949/devtoo..., se:cdpVersion: 100.0.4896.127, setWindowRect: true, strictFileInteractability: false, timeouts: {implicit: 0, pageLoad: 300000, script: 30000}, unhandledPromptBehavior: dismiss and notify, webauthn:extension:credBlob: true, webauthn:extension:largeBlob: true, webauthn:virtualAuthenticators: true}&#10;Element: [[ChromeDriver: chrome on MAC (82e19e16a1921fb2896e3b0be79fc260)] -&gt; link text: Sign in]&#10;Session ID: 82e19e16a1921fb2896e3b0be79fc260" type="org.openqa.selenium.StaleElementReferenceException"><![CDATA[org.openqa.selenium.StaleElementReferenceException: 
stale element reference: element is not attached to the page document
  (Session info: chrome=100.0.4896.127)
For documentation on this error, please visit: https://selenium.dev/exceptions/#stale_element_reference
Build info: version: '4.1.3', revision: '7b1ebf28ef'
System info: host: 'MacBook-Pro-de-Carlos.local', ip: '2804:14d:4cd6:b9b4:0:0:0:bdc8%en0', os.name: 'Mac OS X', os.arch: 'x86_64', os.version: '11.3', java.version: '11.0.12'
Driver info: org.openqa.selenium.chrome.ChromeDriver
Command: [82e19e16a1921fb2896e3b0be79fc260, clickElement {id=f0f8b382-953a-461c-aa89-49d3c97686ed}]
Capabilities {acceptInsecureCerts: false, browserName: chrome, browserVersion: 100.0.4896.127, chrome: {chromedriverVersion: 100.0.4896.60 (6a5d10861ce8..., userDataDir: /var/folders/5f/qz9m1wb5687...}, goog:chromeOptions: {debuggerAddress: localhost:60949}, javascriptEnabled: true, networkConnectionEnabled: false, pageLoadStrategy: normal, platform: MAC, platformName: MAC, proxy: Proxy(), se:cdp: ws://localhost:60949/devtoo..., se:cdpVersion: 100.0.4896.127, setWindowRect: true, strictFileInteractability: false, timeouts: {implicit: 0, pageLoad: 300000, script: 30000}, unhandledPromptBehavior: dismiss and notify, webauthn:extension:credBlob: true, webauthn:extension:largeBlob: true, webauthn:virtualAuthenticators: true}
Element: [[ChromeDriver: chrome on MAC (82e19e16a1921fb2896e3b0be79fc260)] -> link text: Sign in]
Session ID: 82e19e16a1921fb2896e3b0be79fc260
	at java.base/jdk.internal.reflect.NativeConstructorAccessorImpl.newInstance0(Native Method)
	at java.base/jdk.internal.reflect.NativeConstructorAccessorImpl.newInstance(NativeConstructorAccessorImpl.java:62)
	at java.base/jdk.internal.reflect.DelegatingConstructorAccessorImpl.newInstance(DelegatingConstructorAccessorImpl.java:45)
	at java.base/java.lang.reflect.Constructor.newInstance(Constructor.java:490)
	at org.openqa.selenium.remote.codec.w3c.W3CHttpResponseCodec.createException(W3CHttpResponseCodec.java:200)
	at org.openqa.selenium.remote.codec.w3c.W3CHttpResponseCodec.decode(W3CHttpResponseCodec.java:133)
	at org.openqa.selenium.remote.codec.w3c.W3CHttpResponseCodec.decode(W3CHttpResponseCodec.java:53)
	at org.openqa.selenium.remote.HttpCommandExecutor.execute(HttpCommandExecutor.java:184)
	at org.openqa.selenium.remote.service.DriverCommandExecutor.invokeExecute(DriverCommandExecutor.java:167)
	at org.openqa.selenium.remote.service.DriverCommandExecutor.execute(DriverCommandExecutor.java:142)
	at org.openqa.selenium.remote.RemoteWebDriver.execute(RemoteWebDriver.java:567)
	at org.openqa.selenium.remote.RemoteWebElement.execute(RemoteWebElement.java:251)
	at org.openqa.selenium.remote.RemoteWebElement.click(RemoteWebElement.java:77)
	at java.base/jdk.internal.reflect.NativeMethodAccessorImpl.invoke0(Native Method)
	at java.base/jdk.internal.reflect.NativeMethodAccessorImpl.invoke(NativeMethodAccessorImpl.java:62)
	at java.base/jdk.internal.reflect.DelegatingMethodAccessorImpl.invoke(DelegatingMethodAccessorImpl.java:43)
	at java.base/java.lang.reflect.Method.invoke(Method.java:566)
	at org.openqa.selenium.support.pagefactory.internal.LocatingElementHandler.invoke(LocatingElementHandler.java:52)
	at com.sun.proxy.$Proxy27.click(Unknown Source)
	at dev.carlosbarros.pages.MyStorePage.clickSignIn(MyStorePage.java:17)
	at dev.carlosbarros.steps.LoginSteps.acessoAPaginaDeLogin(LoginSteps.java:55)
	at ✽.acesso a pagina de login(file:///Users/carlos.barros/Downloads/web-challenge-test-main/src/test/resources/features/login.feature:7)
]]></error>
    <system-out><![CDATA[
@allTests @smokeTest1 @login
Cenario: [001] Realizar login no sistema                &amp#27;[90m# src/test/resources/features/login.feature:5&amp#27;[0m
  &amp#27;[32mDado &amp#27;[0m&amp#27;[32mque esteja na pagina principal de My Store&amp#27;[0m       &amp#27;[90m# dev.carlosbarros.steps.LoginSteps.queEstejaNaPaginaPrincipalDeMyStore()&amp#27;[0m
  &amp#27;[31mQuando &amp#27;[0m&amp#27;[31macesso a pagina de login&amp#27;[0m                       &amp#27;[90m# dev.carlosbarros.steps.LoginSteps.acessoAPaginaDeLogin()&amp#27;[0m
      &amp#27;[31morg.openqa.selenium.StaleElementReferenceException: stale element reference: element is not attached to the page document
  (Session info: chrome=100.0.4896.127)
For documentation on this error, please visit: https://selenium.dev/exceptions/#stale_element_reference
Build info: version: '4.1.3', revision: '7b1ebf28ef'
System info: host: 'MacBook-Pro-de-Carlos.local', ip: '2804:14d:4cd6:b9b4:0:0:0:bdc8%en0', os.name: 'Mac OS X', os.arch: 'x86_64', os.version: '11.3', java.version: '11.0.12'
Driver info: org.openqa.selenium.chrome.ChromeDriver
Command: [82e19e16a1921fb2896e3b0be79fc260, clickElement {id=f0f8b382-953a-461c-aa89-49d3c97686ed}]
Capabilities {acceptInsecureCerts: false, browserName: chrome, browserVersion: 100.0.4896.127, chrome: {chromedriverVersion: 100.0.4896.60 (6a5d10861ce8..., userDataDir: /var/folders/5f/qz9m1wb5687...}, goog:chromeOptions: {debuggerAddress: localhost:60949}, javascriptEnabled: true, networkConnectionEnabled: false, pageLoadStrategy: normal, platform: MAC, platformName: MAC, proxy: Proxy(), se:cdp: ws://localhost:60949/devtoo..., se:cdpVersion: 100.0.4896.127, setWindowRect: true, strictFileInteractability: false, timeouts: {implicit: 0, pageLoad: 300000, script: 30000}, unhandledPromptBehavior: dismiss and notify, webauthn:extension:credBlob: true, webauthn:extension:largeBlob: true, webauthn:virtualAuthenticators: true}
Element: [[ChromeDriver: chrome on MAC (82e19e16a1921fb2896e3b0be79fc260)] -> link text: Sign in]
Session ID: 82e19e16a1921fb2896e3b0be79fc260
	at java.base/jdk.internal.reflect.NativeConstructorAccessorImpl.newInstance0(Native Method)
	at java.base/jdk.internal.reflect.NativeConstructorAccessorImpl.newInstance(NativeConstructorAccessorImpl.java:62)
	at java.base/jdk.internal.reflect.DelegatingConstructorAccessorImpl.newInstance(DelegatingConstructorAccessorImpl.java:45)
	at java.base/java.lang.reflect.Constructor.newInstance(Constructor.java:490)
	at org.openqa.selenium.remote.codec.w3c.W3CHttpResponseCodec.createException(W3CHttpResponseCodec.java:200)
	at org.openqa.selenium.remote.codec.w3c.W3CHttpResponseCodec.decode(W3CHttpResponseCodec.java:133)
	at org.openqa.selenium.remote.codec.w3c.W3CHttpResponseCodec.decode(W3CHttpResponseCodec.java:53)
	at org.openqa.selenium.remote.HttpCommandExecutor.execute(HttpCommandExecutor.java:184)
	at org.openqa.selenium.remote.service.DriverCommandExecutor.invokeExecute(DriverCommandExecutor.java:167)
	at org.openqa.selenium.remote.service.DriverCommandExecutor.execute(DriverCommandExecutor.java:142)
	at org.openqa.selenium.remote.RemoteWebDriver.execute(RemoteWebDriver.java:567)
	at org.openqa.selenium.remote.RemoteWebElement.execute(RemoteWebElement.java:251)
	at org.openqa.selenium.remote.RemoteWebElement.click(RemoteWebElement.java:77)
	at java.base/jdk.internal.reflect.NativeMethodAccessorImpl.invoke0(Native Method)
	at java.base/jdk.internal.reflect.NativeMethodAccessorImpl.invoke(NativeMethodAccessorImpl.java:62)
	at java.base/jdk.internal.reflect.DelegatingMethodAccessorImpl.invoke(DelegatingMethodAccessorImpl.java:43)
	at java.base/java.lang.reflect.Method.invoke(Method.java:566)
	at org.openqa.selenium.support.pagefactory.internal.LocatingElementHandler.invoke(LocatingElementHandler.java:52)
	at com.sun.proxy.$Proxy27.click(Unknown Source)
	at dev.carlosbarros.pages.MyStorePage.clickSignIn(MyStorePage.java:17)
	at dev.carlosbarros.steps.LoginSteps.acessoAPaginaDeLogin(LoginSteps.java:55)
	at ✽.acesso a pagina de login(file:///Users/carlos.barros/Downloads/web-challenge-test-main/src/test/resources/features/login.feature:7)
&amp#27;[0m
  &amp#27;[36mE &amp#27;[0m&amp#27;[36mrelizo o login com os dados&amp#27;[0m                         &amp#27;[90m# dev.carlosbarros.steps.LoginSteps.relizoOLoginComOsDados(java.util.Map<java.lang.String, java.lang.String>)&amp#27;[0m
    | email    | douglaslr@teste.com |
    | password | teste2021           |
  &amp#27;[36mEntao &amp#27;[0m&amp#27;[36mexibe o nome do usuario &amp#27;[0m&amp#27;[36m&amp#27;[1m"Douglas Legas Rossini"&amp#27;[0m &amp#27;[90m# dev.carlosbarros.steps.LoginSteps.exibeONomeDoUsuario(java.lang.String)&amp#27;[0m
]]></system-out>
    <system-err><![CDATA[Starting ChromeDriver 100.0.4896.60 (6a5d10861ce8de5fce22564658033b43cb7de047-refs/branch-heads/4896@{#875}) on port 49364
Only local connections are allowed.
Please see https://chromedriver.chromium.org/security-considerations for suggestions on keeping ChromeDriver safe.
ChromeDriver was started successfully.
abr 17, 2022 10:55:43 PM org.openqa.selenium.remote.ProtocolHandshake createSession
INFO: Detected dialect: W3C
abr 17, 2022 10:55:43 PM org.openqa.selenium.devtools.CdpVersionFinder findNearestMatch
WARNING: Unable to find an exact match for CDP version 100, so returning the closest version found: 99
abr 17, 2022 10:55:43 PM org.openqa.selenium.devtools.CdpVersionFinder findNearestMatch
INFO: Found CDP implementation for version 100 of 99
]]></system-err>
  </testcase>
</testsuite>